<?xml version="1.0" encoding="UTF-8"?>
<testng-results ignored="0" total="4" passed="4" failed="0" skipped="0">
  <reporter-output>
  </reporter-output>
  <suite started-at="2022-04-24T08:59:29 IST" name="Default suite" finished-at="2022-04-24T09:00:03 IST" duration-ms="33600">
    <groups>
      <group name="cucumber">
        <method signature="AbstractTestNGCucumberTests.runScenario(io.cucumber.testng.PickleWrapper,io.cucumber.testng.FeatureWrapper)[pri:0, instance:Runner.Run@2ddc9a9f]" name="runScenario" class="io.cucumber.testng.AbstractTestNGCucumberTests"/>
      </group> <!-- cucumber -->
    </groups>
    <test started-at="2022-04-24T08:59:29 IST" name="Default test" finished-at="2022-04-24T09:00:03 IST" duration-ms="33600">
      <class name="Runner.Run">
        <test-method is-config="true" signature="setUpClass(org.testng.ITestContext)[pri:0, instance:Runner.Run@2ddc9a9f]" started-at="2022-04-24T08:59:30 IST" name="setUpClass" finished-at="2022-04-24T08:59:30 IST" duration-ms="497" status="PASS">
          <params>
            <param index="0">
              <value>
                <![CDATA[org.testng.TestRunner@2d1dee39]]>
              </value>
            </param>
          </params>
          <reporter-output>
          </reporter-output>
        </test-method> <!-- setUpClass -->
        <test-method signature="runScenario(io.cucumber.testng.PickleWrapper,io.cucumber.testng.FeatureWrapper)[pri:0, instance:Runner.Run@2ddc9a9f]" started-at="2022-04-24T08:59:30 IST" name="runScenario" description="Runs Cucumber Scenarios" data-provider="scenarios" finished-at="2022-04-24T09:00:02 IST" duration-ms="31876" status="PASS">
          <params>
            <param index="0">
              <value>
                <![CDATA["Hello3"]]>
              </value>
            </param>
            <param index="1">
              <value>
                <![CDATA["Optional[This is a first feat]"]]>
              </value>
            </param>
          </params>
          <reporter-output>
          </reporter-output>
        </test-method> <!-- runScenario -->
        <test-method signature="runScenario(io.cucumber.testng.PickleWrapper,io.cucumber.testng.FeatureWrapper)[pri:0, instance:Runner.Run@2ddc9a9f]" started-at="2022-04-24T08:59:30 IST" name="runScenario" description="Runs Cucumber Scenarios" data-provider="scenarios" finished-at="2022-04-24T09:00:01 IST" duration-ms="30765" status="PASS">
          <params>
            <param index="0">
              <value>
                <![CDATA["Hello2"]]>
              </value>
            </param>
            <param index="1">
              <value>
                <![CDATA["Optional[This is a first feat]"]]>
              </value>
            </param>
          </params>
          <reporter-output>
          </reporter-output>
        </test-method> <!-- runScenario -->
        <test-method signature="runScenario(io.cucumber.testng.PickleWrapper,io.cucumber.testng.FeatureWrapper)[pri:0, instance:Runner.Run@2ddc9a9f]" started-at="2022-04-24T08:59:30 IST" name="runScenario" description="Runs Cucumber Scenarios" data-provider="scenarios" finished-at="2022-04-24T09:00:01 IST" duration-ms="30793" status="PASS">
          <params>
            <param index="0">
              <value>
                <![CDATA["Hello4"]]>
              </value>
            </param>
            <param index="1">
              <value>
                <![CDATA["Optional[This is a first feat]"]]>
              </value>
            </param>
          </params>
          <reporter-output>
          </reporter-output>
        </test-method> <!-- runScenario -->
        <test-method signature="runScenario(io.cucumber.testng.PickleWrapper,io.cucumber.testng.FeatureWrapper)[pri:0, instance:Runner.Run@2ddc9a9f]" started-at="2022-04-24T08:59:30 IST" name="runScenario" description="Runs Cucumber Scenarios" data-provider="scenarios" finished-at="2022-04-24T09:00:03 IST" duration-ms="32952" status="PASS">
          <params>
            <param index="0">
              <value>
                <![CDATA["Hello1"]]>
              </value>
            </param>
            <param index="1">
              <value>
                <![CDATA["Optional[This is a first feat]"]]>
              </value>
            </param>
          </params>
          <reporter-output>
          </reporter-output>
        </test-method> <!-- runScenario -->
        <test-method is-config="true" signature="tearDownClass()[pri:0, instance:Runner.Run@2ddc9a9f]" started-at="2022-04-24T09:00:03 IST" name="tearDownClass" finished-at="2022-04-24T09:00:03 IST" duration-ms="26" status="PASS">
          <reporter-output>
          </reporter-output>
        </test-method> <!-- tearDownClass -->
      </class> <!-- Runner.Run -->
    </test> <!-- Default test -->
  </suite> <!-- Default suite -->
</testng-results>
